
[INFO]管理员于2021-9-5 21:40:09开始执行矩阵保存
输出矩阵为：
4 5
Available
2 1 1 1 1 
Request
0 0 0 0 0 
0 0 0 0 0 
1 0 1 0 1 
0 0 0 0 1 
Allocation
0 0 0 0 0 
0 0 0 0 0 
0 0 0 0 0 
0 0 0 1 0 
Need
1 1 1 0 1 
1 1 1 1 1 
1 0 1 0 1 
0 0 0 0 1 
Max
1 1 1 0 1 
1 1 1 1 1 
1 0 1 0 1 
0 0 0 1 1 
[INFO]管理员于2021-9-5 21:40:09保存矩阵完毕

[INFO]管理员于2021-9-5 21:40:32开始执行矩阵保存
输出矩阵为：
4 5
Available
2 1 1 1 1 
Request
0 0 0 0 0 
0 0 0 0 0 
1 0 1 0 1 
0 0 0 0 1 
Allocation
0 0 0 0 0 
0 0 0 0 0 
0 0 0 0 0 
0 0 0 1 0 
Need
1 1 1 0 1 
1 1 1 1 1 
1 0 1 0 1 
0 0 0 0 1 
Max
1 1 1 0 1 
1 1 1 1 1 
1 0 1 0 1 
0 0 0 1 1 
[INFO]管理员于2021-9-5 21:40:32保存矩阵完毕
